2019-12-18 07:47:00: select count(*) as aggregate from `users` where `email` = 'hdshs@qq.com'
2019-12-18 07:47:00: insert into `users` (`name`, `email`, `password`, `updated_at`, `created_at`) values ('hfh', 'hdshs@qq.com', '$2y$10$Bv.Qz0iggyjgECibUbPzduG.mQUGpDXxhwedEJScqCQJPBeTBalJ2', '2019-12-18 07:47:00', '2019-12-18 07:47:00')
2019-12-18 07:49:06: select count(*) as aggregate from `users` where `email` = 'hdshs@qq.com'
2019-12-18 07:49:06: insert into `users` (`name`, `email`, `email_verified_at`, `password`, `updated_at`, `created_at`) values ('hfh', 'hdshs@qq.com', '2019-12-18 07:49:06', '$2y$10$BiGS6SSog0h9AyGe9y.ENOegcGjlVnNZHE/gog.XwgwRcTC9Aeb/y', '2019-12-18 07:49:06', '2019-12-18 07:49:06')
2019-12-18 07:49:24: select count(*) as aggregate from `users` where `email` = 'gfdgs@qq.com'
2019-12-18 07:49:24: insert into `users` (`name`, `email`, `email_verified_at`, `password`, `updated_at`, `created_at`) values ('HFGHFGH', 'gfdgs@qq.com', '2019-12-18 07:49:24', '$2y$10$EjNVD50bS4hIcN2FaQAV/.XtMCI9dqndzn7.QONWkrFFNc3/XNVaq', '2019-12-18 07:49:24', '2019-12-18 07:49:24')
2019-12-18 07:49:55: select count(*) as aggregate from `users` where `email` = 'hsgdgd@qq.com'
2019-12-18 07:49:55: insert into `users` (`name`, `email`, `email_verified_at`, `password`, `updated_at`, `created_at`) values ('dgdfhh', 'hsgdgd@qq.com', '2019-12-18 07:49:55', '$2y$10$ueYYI3N23YeP/juiiBvG3uDX537MPhkPQWG7iJgZHV7NM2FHnH./i', '2019-12-18 07:49:55', '2019-12-18 07:49:55')
2019-12-18 07:49:55: select count(*) as aggregate from `products` where `on_sale` = 1
2019-12-18 07:49:55: select * from `products` where `on_sale` = 1 limit 16 offset 0
2019-12-18 07:49:55: select * from `users` where `id` = 122 limit 1
2019-12-18 07:54:27: select * from `users` where `id` = 122 limit 1
2019-12-18 07:54:28: select count(*) as aggregate from `products` where `on_sale` = 1
2019-12-18 07:54:28: select * from `products` where `on_sale` = 1 limit 16 offset 0
2019-12-18 07:54:40: select count(*) as aggregate from `users` where `email` = 'hfdsg@qq.com'
2019-12-18 07:54:40: insert into `users` (`name`, `email`, `password`, `updated_at`, `created_at`) values ('jfghfh', 'hfdsg@qq.com', '$2y$10$cNA9WeJuEduE.2gM0MTEj.SZ5VytUZBt.Jk//DSlG6Rz8lK9HcCSe', '2019-12-18 07:54:40', '2019-12-18 07:54:40')
2019-12-18 07:54:40: select count(*) as aggregate from `products` where `on_sale` = 1
2019-12-18 07:54:40: select * from `products` where `on_sale` = 1 limit 16 offset 0
2019-12-18 07:54:40: select * from `users` where `id` = 123 limit 1
2019-12-18 07:56:34: select * from `users` where `id` = 123 limit 1
2019-12-18 07:56:34: select count(*) as aggregate from `products` where `on_sale` = 1
2019-12-18 07:56:34: select * from `products` where `on_sale` = 1 limit 16 offset 0
2019-12-18 07:56:44: select count(*) as aggregate from `users` where `email` = 'dfjgfdj@qq.com'
2019-12-18 07:56:44: insert into `users` (`name`, `email`, `password`, `updated_at`, `created_at`) values ('fjdj', 'dfjgfdj@qq.com', '$2y$10$9hF2WNjf/GZQQlJthbN2q.3tJza46avMCiI7DabVFjB3MwvmjVhri', '2019-12-18 07:56:44', '2019-12-18 07:56:44')
2019-12-18 07:56:44: select count(*) as aggregate from `products` where `on_sale` = 1
2019-12-18 07:56:44: select * from `products` where `on_sale` = 1 limit 16 offset 0
2019-12-18 07:56:44: select * from `users` where `id` = 124 limit 1
2019-12-18 08:01:19: select count(*) as aggregate from `products` where `on_sale` = 1
2019-12-18 08:01:19: select * from `products` where `on_sale` = 1 limit 16 offset 0
2019-12-18 08:01:19: select * from `users` where `id` = 124 limit 1
2019-12-18 08:01:21: select * from `users` where `id` = 124 limit 1
2019-12-18 08:01:21: select count(*) as aggregate from `products` where `on_sale` = 1
2019-12-18 08:01:21: select * from `products` where `on_sale` = 1 limit 16 offset 0
2019-12-18 08:01:31: select count(*) as aggregate from `users` where `email` = 'fdhhs@qq.com'
2019-12-18 08:01:32: insert into `users` (`name`, `email`, `password`, `updated_at`, `created_at`) values ('gsah', 'fdhhs@qq.com', '$2y$10$AhPXF0HH9nR58U27Lp03LeTmsX6i5MfxmpAi4pygf/ooSFHRjOL5W', '2019-12-18 08:01:32', '2019-12-18 08:01:32')
2019-12-18 08:01:32: select count(*) as aggregate from `products` where `on_sale` = 1
2019-12-18 08:01:32: select * from `products` where `on_sale` = 1 limit 16 offset 0
2019-12-18 08:01:32: select * from `users` where `id` = 125 limit 1
2019-12-18 08:01:35: select * from `users` where `id` = 125 limit 1
2019-12-18 08:01:35: select count(*) as aggregate from `products` where `on_sale` = 1
2019-12-18 08:01:35: select * from `products` where `on_sale` = 1 limit 16 offset 0
2019-12-18 08:01:58: select count(*) as aggregate from `users` where `email` = 'gfjgf@qq.com'
2019-12-18 08:01:59: insert into `users` (`name`, `email`, `password`, `updated_at`, `created_at`) values ('hgffdj', 'gfjgf@qq.com', '$2y$10$ufG4YbjMhz.VlN00tQsH6.Kp9twybLhH/qwhp65HVDWUsPaW52ROG', '2019-12-18 08:01:59', '2019-12-18 08:01:59')
2019-12-18 08:01:59: select count(*) as aggregate from `products` where `on_sale` = 1
2019-12-18 08:01:59: select * from `products` where `on_sale` = 1 limit 16 offset 0
2019-12-18 08:01:59: select * from `users` where `id` = 126 limit 1
2019-12-18 08:02:01: select * from `users` where `id` = 126 limit 1
2019-12-18 08:02:01: select count(*) as aggregate from `products` where `on_sale` = 1
2019-12-18 08:02:01: select * from `products` where `on_sale` = 1 limit 16 offset 0
